Determining if the pthread_create exist failed with the following output:
Change Dir: /home/user/iseauto/build/CMakeFiles/CMakeTmp

Run Build Command:"/usr/bin/make" "cmTC_1cf1a/fast"
/usr/bin/make -f CMakeFiles/cmTC_1cf1a.dir/build.make CMakeFiles/cmTC_1cf1a.dir/build
make[1]: Entering directory '/home/user/iseauto/build/CMakeFiles/CMakeTmp'
Building C object CMakeFiles/cmTC_1cf1a.dir/CheckSymbolExists.c.o
/usr/bin/cc    -o CMakeFiles/cmTC_1cf1a.dir/CheckSymbolExists.c.o   -c /home/user/iseauto/build/CMakeFiles/CMakeTmp/CheckSymbolExists.c
Linking C executable cmTC_1cf1a
/usr/bin/cmake -E cmake_link_script CMakeFiles/cmTC_1cf1a.dir/link.txt --verbose=1
/usr/bin/cc      -rdynamic CMakeFiles/cmTC_1cf1a.dir/CheckSymbolExists.c.o  -o cmTC_1cf1a 
CMakeFiles/cmTC_1cf1a.dir/CheckSymbolExists.c.o: In function `main':
CheckSymbolExists.c:(.text+0x1b): undefined reference to `pthread_create'
collect2: error: ld returned 1 exit status
CMakeFiles/cmTC_1cf1a.dir/build.make:97: recipe for target 'cmTC_1cf1a' failed
make[1]: *** [cmTC_1cf1a] Error 1
make[1]: Leaving directory '/home/user/iseauto/build/CMakeFiles/CMakeTmp'
Makefile:126: recipe for target 'cmTC_1cf1a/fast' failed
make: *** [cmTC_1cf1a/fast] Error 2

File /home/user/iseauto/build/CMakeFiles/CMakeTmp/CheckSymbolExists.c:
/* */
#include <pthread.h>

int main(int argc, char** argv)
{
  (void)argv;
#ifndef pthread_create
  return ((int*)(&pthread_create))[argc];
#else
  (void)argc;
  return 0;
#endif
}

Determining if the function pthread_create exists in the pthreads failed with the following output:
Change Dir: /home/user/iseauto/build/CMakeFiles/CMakeTmp

Run Build Command:"/usr/bin/make" "cmTC_66dc6/fast"
/usr/bin/make -f CMakeFiles/cmTC_66dc6.dir/build.make CMakeFiles/cmTC_66dc6.dir/build
make[1]: Entering directory '/home/user/iseauto/build/CMakeFiles/CMakeTmp'
Building C object CMakeFiles/cmTC_66dc6.dir/CheckFunctionExists.c.o
/usr/bin/cc   -DCHECK_FUNCTION_EXISTS=pthread_create   -o CMakeFiles/cmTC_66dc6.dir/CheckFunctionExists.c.o   -c /usr/share/cmake-3.10/Modules/CheckFunctionExists.c
Linking C executable cmTC_66dc6
/usr/bin/cmake -E cmake_link_script CMakeFiles/cmTC_66dc6.dir/link.txt --verbose=1
/usr/bin/cc  -DCHECK_FUNCTION_EXISTS=pthread_create    -rdynamic CMakeFiles/cmTC_66dc6.dir/CheckFunctionExists.c.o  -o cmTC_66dc6 -lpthreads 
/usr/bin/ld: cannot find -lpthreads
collect2: error: ld returned 1 exit status
CMakeFiles/cmTC_66dc6.dir/build.make:97: recipe for target 'cmTC_66dc6' failed
make[1]: *** [cmTC_66dc6] Error 1
make[1]: Leaving directory '/home/user/iseauto/build/CMakeFiles/CMakeTmp'
Makefile:126: recipe for target 'cmTC_66dc6/fast' failed
make: *** [cmTC_66dc6/fast] Error 2


